<?xml version="1.0" encoding="utf-8"?><testsuites name="pytest tests"><testsuite name="pytest" errors="0" failures="0" skipped="0" tests="19" time="4.964" timestamp="2026-08-29T20:58:14.851810+00:00" hostname="agent-env-d3e2f44b-fbc3-4420-8e4f-db12ab08d51c"><testcase classname="backend.tests.test_leaderboard_hardening" name="test_health" time="0.301" /><testcase classname="backend.tests.test_leaderboard_hardening" name="test_register_ok" time="0.074" /><testcase classname="backend.tests.test_leaderboard_hardening" name="test_submit_accepted_and_top" time="0.217" /><testcase classname="backend.tests.test_leaderboard_hardening" name="test_duplicate_runid_rejected" time="0.145" /><testcase classname="backend.tests.test_leaderboard_hardening" name="test_top_malformed_playerId_ignored[' OR 1=1]" time="0.075" /><testcase classname="backend.tests.test_leaderboard_hardening" name="test_top_malformed_playerId_ignored[   ]" time="0.073" /><testcase classname="backend.tests.test_leaderboard_hardening" name="test_top_malformed_playerId_ignored[$ne]" time="0.071" /><testcase classname="backend.tests.test_leaderboard_hardening" name="test_top_malformed_playerId_ignored[{&quot;$gt&quot;:&quot;&quot;}]" time="0.077" /><testcase classname="backend.tests.test_leaderboard_hardening" name="test_top_malformed_playerId_ignored[aaaaaaaaaaaaaaaaaaaaaaaaaaaaaaaaaaaaaaaaaaaaaaaaaaaaaaaaaaaaaaaaaaaaaaaaaaaaaaaaaaaaaaaaaaaaaaaaaaaaaaaaaaaaaaaaaaaaaaaaaaaaaaaaaaaaaaaaaaaaaaaaaaaaaaaaaaaaaaaaaaaaaaaaaaaaaaaaaaaaaaaaaaaaaaaaaaaaaaaaaaaaaaaaaaaaaaaaaaaaaaaaaaaaaaaaaaaaaaaaaaaaaaaaaaaaaaaaaaaaaaaaaaaaaaaaaaaaaaaaaaaaaaaaaaaaaaaaaaaaaaaaaaaaaaaaaaaaaaaaaaaaaaaaaaaaaaaaaaaaaaaaaaaaaaaaaaaaaaaaaaaaaaaaaaaaaaaaaaaaaaaaaaaaaaaaaaaaaaaaaaaaaaaaaaaaaaaaaaaaaaaaaaaaaaaaaaaaaaaaaaaaaaaaaaaaaaaaaaaaaaaaaaaaaaaaaaaaaaaaaaaaaaaaaaaaaaaaaaaa]" time="0.099" /><testcase classname="backend.tests.test_leaderboard_hardening" name="test_top_malformed_playerId_ignored[short]" time="0.080" /><testcase classname="backend.tests.test_leaderboard_hardening" name="test_top_malformed_playerId_ignored[bad!chars@here]" time="0.071" /><testcase classname="backend.tests.test_leaderboard_hardening" name="test_top_malformed_playerId_ignored[../etc/passwd]" time="0.070" /><testcase classname="backend.tests.test_leaderboard_hardening" name="test_top_unknown_wellformed_pid_you_null" time="0.074" /><testcase classname="backend.tests.test_leaderboard_hardening" name="test_mode_separation" time="0.601" /><testcase classname="backend.tests.test_leaderboard_hardening" name="test_anticheat_negative" time="0.077" /><testcase classname="backend.tests.test_leaderboard_hardening" name="test_anticheat_too_fast" time="0.072" /><testcase classname="backend.tests.test_leaderboard_hardening" name="test_anticheat_bad_id" time="0.148" /><testcase classname="backend.tests.test_leaderboard_hardening" name="test_normal_burst_not_ip_ratelimited" time="0.874" /><testcase classname="backend.tests.test_leaderboard_hardening" name="test_per_player_ratelimit_hit" time="1.643" /></testsuite></testsuites>