<?xml version="1.0" encoding="utf-8"?><testsuites name="pytest tests"><testsuite name="pytest" errors="0" failures="0" skipped="0" tests="65" time="15.013" timestamp="2026-08-30T00:18:29.085537+00:00" hostname="agent-env-d3e2f44b-fbc3-4420-8e4f-db12ab08d51c"><testcase classname="backend.tests.test_leaderboard" name="test_health" time="0.339" /><testcase classname="backend.tests.test_leaderboard.TestRegister" name="test_clean_name" time="0.191" /><testcase classname="backend.tests.test_leaderboard.TestRegister" name="test_bad_names_rejected[]" time="0.175" /><testcase classname="backend.tests.test_leaderboard.TestRegister" name="test_bad_names_rejected[   ]" time="0.139" /><testcase classname="backend.tests.test_leaderboard.TestRegister" name="test_bad_names_rejected[AAAAAAAAAAAAAAAAA]" time="0.107" /><testcase classname="backend.tests.test_leaderboard.TestRegister" name="test_bad_names_rejected[hello&lt;script&gt;]" time="0.174" /><testcase classname="backend.tests.test_leaderboard.TestRegister" name="test_bad_names_rejected[visit http://x.com]" time="0.140" /><testcase classname="backend.tests.test_leaderboard.TestRegister" name="test_bad_names_rejected[www.evil.com]" time="0.154" /><testcase classname="backend.tests.test_leaderboard.TestRegister" name="test_bad_names_rejected[bad\x01name]" time="0.116" /><testcase classname="backend.tests.test_leaderboard.TestRegister" name="test_bad_names_rejected[&amp;#eviltricks]" time="0.113" /><testcase classname="backend.tests.test_leaderboard.TestRegister" name="test_profanity_rejected" time="0.116" /><testcase classname="backend.tests.test_leaderboard.TestRegister" name="test_bad_playerid" time="0.155" /><testcase classname="backend.tests.test_leaderboard.TestSubmit" name="test_accepted_plausible" time="0.302" /><testcase classname="backend.tests.test_leaderboard.TestSubmit" name="test_over_cap" time="0.194" /><testcase classname="backend.tests.test_leaderboard.TestSubmit" name="test_negative_distance" time="0.167" /><testcase classname="backend.tests.test_leaderboard.TestSubmit" name="test_too_fast" time="0.160" /><testcase classname="backend.tests.test_leaderboard.TestSubmit" name="test_impossible_chips" time="0.186" /><testcase classname="backend.tests.test_leaderboard.TestSubmit" name="test_duplicate_runid" time="0.188" /><testcase classname="backend.tests.test_leaderboard.TestSubmit" name="test_bad_id_short" time="0.101" /><testcase classname="backend.tests.test_leaderboard" name="test_best_only_increases" time="0.275" /><testcase classname="backend.tests.test_leaderboard" name="test_top_sorted_and_you_fallback" time="0.164" /><testcase classname="backend.tests.test_leaderboard" name="test_you_fallback_when_outside_top" time="1.201" /><testcase classname="backend.tests.test_leaderboard" name="test_rate_limited" time="1.201" /><testcase classname="backend.tests.test_leaderboard" name="test_rejected_never_on_top" time="0.303" /><testcase classname="backend.tests.test_leaderboard_hardening" name="test_health" time="0.104" /><testcase classname="backend.tests.test_leaderboard_hardening" name="test_register_ok" time="0.055" /><testcase classname="backend.tests.test_leaderboard_hardening" name="test_submit_accepted_and_top" time="0.238" /><testcase classname="backend.tests.test_leaderboard_hardening" name="test_duplicate_runid_rejected" time="0.102" /><testcase classname="backend.tests.test_leaderboard_hardening" name="test_top_malformed_playerId_ignored[' OR 1=1]" time="0.056" /><testcase classname="backend.tests.test_leaderboard_hardening" name="test_top_malformed_playerId_ignored[   ]" time="0.094" /><testcase classname="backend.tests.test_leaderboard_hardening" name="test_top_malformed_playerId_ignored[$ne]" time="0.053" /><testcase classname="backend.tests.test_leaderboard_hardening" name="test_top_malformed_playerId_ignored[{&quot;$gt&quot;:&quot;&quot;}]" time="0.055" /><testcase classname="backend.tests.test_leaderboard_hardening" name="test_top_malformed_playerId_ignored[aaaaaaaaaaaaaaaaaaaaaaaaaaaaaaaaaaaaaaaaaaaaaaaaaaaaaaaaaaaaaaaaaaaaaaaaaaaaaaaaaaaaaaaaaaaaaaaaaaaaaaaaaaaaaaaaaaaaaaaaaaaaaaaaaaaaaaaaaaaaaaaaaaaaaaaaaaaaaaaaaaaaaaaaaaaaaaaaaaaaaaaaaaaaaaaaaaaaaaaaaaaaaaaaaaaaaaaaaaaaaaaaaaaaaaaaaaaaaaaaaaaaaaaaaaaaaaaaaaaaaaaaaaaaaaaaaaaaaaaaaaaaaaaaaaaaaaaaaaaaaaaaaaaaaaaaaaaaaaaaaaaaaaaaaaaaaaaaaaaaaaaaaaaaaaaaaaaaaaaaaaaaaaaaaaaaaaaaaaaaaaaaaaaaaaaaaaaaaaaaaaaaaaaaaaaaaaaaaaaaaaaaaaaaaaaaaaaaaaaaaaaaaaaaaaaaaaaaaaaaaaaaaaaaaaaaaaaaaaaaaaaaaaaaaaaaaaaaaaaa]" time="0.056" /><testcase classname="backend.tests.test_leaderboard_hardening" name="test_top_malformed_playerId_ignored[short]" time="0.050" /><testcase classname="backend.tests.test_leaderboard_hardening" name="test_top_malformed_playerId_ignored[bad!chars@here]" time="0.050" /><testcase classname="backend.tests.test_leaderboard_hardening" name="test_top_malformed_playerId_ignored[../etc/passwd]" time="0.051" /><testcase classname="backend.tests.test_leaderboard_hardening" name="test_top_unknown_wellformed_pid_you_null" time="0.053" /><testcase classname="backend.tests.test_leaderboard_hardening" name="test_mode_separation" time="0.394" /><testcase classname="backend.tests.test_leaderboard_hardening" name="test_anticheat_negative" time="0.055" /><testcase classname="backend.tests.test_leaderboard_hardening" name="test_anticheat_too_fast" time="0.058" /><testcase classname="backend.tests.test_leaderboard_hardening" name="test_anticheat_bad_id" time="0.109" /><testcase classname="backend.tests.test_leaderboard_hardening" name="test_normal_burst_not_ip_ratelimited" time="0.581" /><testcase classname="backend.tests.test_leaderboard_hardening" name="test_per_player_ratelimit_hit" time="1.253" /><testcase classname="backend.tests.test_leaderboard_hardening" name="test_username_uniqueness_case_insensitive" time="0.157" /><testcase classname="backend.tests.test_leaderboard_hardening" name="test_submit_with_taken_name_still_records_score" time="0.158" /><testcase classname="backend.tests.test_leaderboard_hardening" name="test_check_availability" time="0.268" /><testcase classname="backend.tests.test_leaderboard_hardening" name="test_name_is_permanent_locked" time="0.178" /><testcase classname="backend.tests.test_mode_leaderboard.TestModeIndependence" name="test_normal_only_updates_global" time="0.271" /><testcase classname="backend.tests.test_mode_leaderboard.TestModeIndependence" name="test_easy_only_updates_silly" time="0.263" /><testcase classname="backend.tests.test_mode_leaderboard.TestModeIndependence" name="test_both_modes_independent_bests" time="0.339" /><testcase classname="backend.tests.test_mode_leaderboard.TestEasyAntiCheatTolerance" name="test_long_easy_run_18000_accepted" time="0.279" /><testcase classname="backend.tests.test_mode_leaderboard.TestEasyAntiCheatTolerance" name="test_long_easy_run_30000_accepted" time="0.180" /><testcase classname="backend.tests.test_mode_leaderboard.TestEasyAntiCheatTolerance" name="test_normal_flag_at_40000_still_enforced" time="0.241" /><testcase classname="backend.tests.test_mode_leaderboard.TestAntiCheatBothModes" name="test_negative_rejected[normal]" time="0.342" /><testcase classname="backend.tests.test_mode_leaderboard.TestAntiCheatBothModes" name="test_negative_rejected[easy]" time="0.326" /><testcase classname="backend.tests.test_mode_leaderboard.TestAntiCheatBothModes" name="test_too_fast_rejected[normal]" time="0.183" /><testcase classname="backend.tests.test_mode_leaderboard.TestAntiCheatBothModes" name="test_too_fast_rejected[easy]" time="0.179" /><testcase classname="backend.tests.test_mode_leaderboard.TestAntiCheatBothModes" name="test_duplicate_runid[normal]" time="0.225" /><testcase classname="backend.tests.test_mode_leaderboard.TestAntiCheatBothModes" name="test_duplicate_runid[easy]" time="0.220" /><testcase classname="backend.tests.test_mode_leaderboard.TestAntiCheatBothModes" name="test_bad_playerid" time="0.120" /><testcase classname="backend.tests.test_mode_leaderboard.TestAntiCheatBothModes" name="test_bad_runid" time="0.181" /><testcase classname="backend.tests.test_mode_leaderboard.TestAntiCheatBothModes" name="test_nan_rejected" time="0.287" /><testcase classname="backend.tests.test_mode_leaderboard.TestModeRoutingProtection" name="test_easy_magnitude_run_never_in_global" time="0.287" /><testcase classname="backend.tests.test_mode_leaderboard.TestModeRoutingProtection" name="test_default_mode_is_normal" time="0.162" /><testcase classname="backend.tests.test_mode_leaderboard.TestModeRoutingProtection" name="test_unknown_mode_treated_as_normal" time="0.229" /></testsuite></testsuites>