<?xml version="1.0" encoding="utf-8"?><testsuites name="pytest tests"><testsuite name="pytest" errors="0" failures="0" skipped="0" tests="5" time="3.018" timestamp="2026-08-31T03:11:24.525769+00:00" hostname="agent-env-d3e2f44b-fbc3-4420-8e4f-db12ab08d51c"><testcase classname="backend.tests.test_moderation_flow.TestModerationCounter" name="test_counter_increments_1_to_25" time="1.785" /><testcase classname="backend.tests.test_moderation_flow.TestModerationCounter" name="test_username_taken_does_not_increment" time="0.353" /><testcase classname="backend.tests.test_moderation_flow.TestModerationCounter" name="test_bad_name_does_not_increment" time="0.336" /><testcase classname="backend.tests.test_moderation_flow.TestModerationCounter" name="test_successful_register_resets_counter" time="0.312" /><testcase classname="backend.tests.test_moderation_flow.TestSubmitBypass" name="test_submit_with_banned_name_drops_name" time="0.162" /></testsuite></testsuites>