<?xml version="1.0" encoding="utf-8"?><testsuites name="pytest tests"><testsuite name="pytest" errors="0" failures="0" skipped="0" tests="18" time="6.513" timestamp="2026-08-29T18:06:15.414540+00:00" hostname="agent-env-d3e2f44b-fbc3-4420-8e4f-db12ab08d51c"><testcase classname="backend.tests.test_mode_leaderboard.TestModeIndependence" name="test_normal_only_updates_global" time="0.548" /><testcase classname="backend.tests.test_mode_leaderboard.TestModeIndependence" name="test_easy_only_updates_silly" time="0.399" /><testcase classname="backend.tests.test_mode_leaderboard.TestModeIndependence" name="test_both_modes_independent_bests" time="0.479" /><testcase classname="backend.tests.test_mode_leaderboard.TestEasyAntiCheatTolerance" name="test_long_easy_run_18000_accepted" time="0.329" /><testcase classname="backend.tests.test_mode_leaderboard.TestEasyAntiCheatTolerance" name="test_long_easy_run_30000_accepted" time="0.346" /><testcase classname="backend.tests.test_mode_leaderboard.TestEasyAntiCheatTolerance" name="test_normal_flag_at_40000_still_enforced" time="0.325" /><testcase classname="backend.tests.test_mode_leaderboard.TestAntiCheatBothModes" name="test_negative_rejected[normal]" time="0.398" /><testcase classname="backend.tests.test_mode_leaderboard.TestAntiCheatBothModes" name="test_negative_rejected[easy]" time="0.435" /><testcase classname="backend.tests.test_mode_leaderboard.TestAntiCheatBothModes" name="test_too_fast_rejected[normal]" time="0.244" /><testcase classname="backend.tests.test_mode_leaderboard.TestAntiCheatBothModes" name="test_too_fast_rejected[easy]" time="0.304" /><testcase classname="backend.tests.test_mode_leaderboard.TestAntiCheatBothModes" name="test_duplicate_runid[normal]" time="0.298" /><testcase classname="backend.tests.test_mode_leaderboard.TestAntiCheatBothModes" name="test_duplicate_runid[easy]" time="0.320" /><testcase classname="backend.tests.test_mode_leaderboard.TestAntiCheatBothModes" name="test_bad_playerid" time="0.156" /><testcase classname="backend.tests.test_mode_leaderboard.TestAntiCheatBothModes" name="test_bad_runid" time="0.248" /><testcase classname="backend.tests.test_mode_leaderboard.TestAntiCheatBothModes" name="test_nan_rejected" time="0.392" /><testcase classname="backend.tests.test_mode_leaderboard.TestModeRoutingProtection" name="test_easy_magnitude_run_never_in_global" time="0.463" /><testcase classname="backend.tests.test_mode_leaderboard.TestModeRoutingProtection" name="test_default_mode_is_normal" time="0.235" /><testcase classname="backend.tests.test_mode_leaderboard.TestModeRoutingProtection" name="test_unknown_mode_treated_as_normal" time="0.440" /></testsuite></testsuites>