<?xml version="1.0" encoding="utf-8"?><testsuites name="pytest tests"><testsuite name="pytest" errors="0" failures="0" skipped="0" tests="24" time="7.967" timestamp="2026-08-29T17:14:38.951339+00:00" hostname="agent-env-d3e2f44b-fbc3-4420-8e4f-db12ab08d51c"><testcase classname="backend.tests.test_leaderboard" name="test_health" time="0.292" /><testcase classname="backend.tests.test_leaderboard.TestRegister" name="test_clean_name" time="0.272" /><testcase classname="backend.tests.test_leaderboard.TestRegister" name="test_bad_names_rejected[]" time="0.215" /><testcase classname="backend.tests.test_leaderboard.TestRegister" name="test_bad_names_rejected[   ]" time="0.236" /><testcase classname="backend.tests.test_leaderboard.TestRegister" name="test_bad_names_rejected[AAAAAAAAAAAAAAAAA]" time="0.175" /><testcase classname="backend.tests.test_leaderboard.TestRegister" name="test_bad_names_rejected[hello&lt;script&gt;]" time="0.157" /><testcase classname="backend.tests.test_leaderboard.TestRegister" name="test_bad_names_rejected[visit http://x.com]" time="0.151" /><testcase classname="backend.tests.test_leaderboard.TestRegister" name="test_bad_names_rejected[www.evil.com]" time="0.150" /><testcase classname="backend.tests.test_leaderboard.TestRegister" name="test_bad_names_rejected[bad\x01name]" time="0.157" /><testcase classname="backend.tests.test_leaderboard.TestRegister" name="test_bad_names_rejected[&amp;#eviltricks]" time="0.165" /><testcase classname="backend.tests.test_leaderboard.TestRegister" name="test_profanity_rejected" time="0.153" /><testcase classname="backend.tests.test_leaderboard.TestRegister" name="test_bad_playerid" time="0.255" /><testcase classname="backend.tests.test_leaderboard.TestSubmit" name="test_accepted_plausible" time="0.230" /><testcase classname="backend.tests.test_leaderboard.TestSubmit" name="test_over_cap" time="0.275" /><testcase classname="backend.tests.test_leaderboard.TestSubmit" name="test_negative_distance" time="0.264" /><testcase classname="backend.tests.test_leaderboard.TestSubmit" name="test_too_fast" time="0.284" /><testcase classname="backend.tests.test_leaderboard.TestSubmit" name="test_impossible_chips" time="0.231" /><testcase classname="backend.tests.test_leaderboard.TestSubmit" name="test_duplicate_runid" time="0.309" /><testcase classname="backend.tests.test_leaderboard.TestSubmit" name="test_bad_id_short" time="0.217" /><testcase classname="backend.tests.test_leaderboard" name="test_best_only_increases" time="0.376" /><testcase classname="backend.tests.test_leaderboard" name="test_top_sorted_and_you_fallback" time="0.222" /><testcase classname="backend.tests.test_leaderboard" name="test_you_fallback_when_outside_top" time="0.359" /><testcase classname="backend.tests.test_leaderboard" name="test_rate_limited" time="2.287" /><testcase classname="backend.tests.test_leaderboard" name="test_rejected_never_on_top" time="0.400" /></testsuite></testsuites>