<?xml version="1.0" encoding="utf-8"?><testsuites name="pytest tests"><testsuite name="pytest" errors="0" failures="0" skipped="0" tests="142" time="50.222" timestamp="2026-09-04T12:01:08.645692+00:00" hostname="agent-env-d3e2f44b-fbc3-4420-8e4f-db12ab08d51c"><testcase classname="tests.test_acceptance" name="test_accept_records_and_reads_back" time="0.439" /><testcase classname="tests.test_acceptance" name="test_accept_rejects_bad_id" time="0.144" /><testcase classname="tests.test_acceptance" name="test_accept_version_change_overwrites" time="0.410" /><testcase classname="tests.test_acceptance" name="test_leaderboard_delete_removes_record_and_frees_nickname" time="1.009" /><testcase classname="tests.test_acceptance" name="test_leaderboard_delete_rejects_bad_id" time="0.126" /><testcase classname="tests.test_acceptance" name="test_report_nickname_ok_and_validation" time="0.505" /><testcase classname="tests.test_admin_adversarial.TestJWTHardening" name="test_forged_jwt_wrong_secret_rejected" time="0.134" /><testcase classname="tests.test_admin_adversarial.TestJWTHardening" name="test_jwt_alg_none_rejected" time="0.142" /><testcase classname="tests.test_admin_adversarial.TestJWTHardening" name="test_expired_jwt_rejected" time="0.140" /><testcase classname="tests.test_admin_adversarial.TestJWTHardening" name="test_jwt_for_nonexistent_admin_rejected" time="0.114" /><testcase classname="tests.test_admin_adversarial.TestJWTHardening" name="test_role_claim_in_jwt_ignored_backend_reloads_from_db" time="0.997" /><testcase classname="tests.test_admin_adversarial.TestHMACHardening" name="test_body_tampering_after_signing_rejected" time="0.140" /><testcase classname="tests.test_admin_adversarial.TestHMACHardening" name="test_method_swap_rejected" time="0.150" /><testcase classname="tests.test_admin_adversarial.TestHMACHardening" name="test_query_tampering_rejected" time="0.114" /><testcase classname="tests.test_admin_adversarial.TestRedaction" name="test_admins_list_never_leaks_hashes" time="0.128" /><testcase classname="tests.test_admin_adversarial.TestRedaction" name="test_logs_never_leak_secrets_or_tokens" time="0.132" /><testcase classname="tests.test_admin_adversarial.TestRedaction" name="test_tickets_never_leak_secrets" time="0.126" /><testcase classname="tests.test_admin_adversarial.TestRedaction" name="test_me_never_leaks_hash" time="0.121" /><testcase classname="tests.test_admin_adversarial.TestRoleEdgeCases" name="test_invited_admin_cannot_login_before_setup" time="0.276" /><testcase classname="tests.test_admin_adversarial.TestRoleEdgeCases" name="test_disabled_admin_cannot_login" time="0.719" /><testcase classname="tests.test_admin_adversarial.TestRoleEdgeCases" name="test_expired_setup_token_semantically_rejected" time="0.141" /><testcase classname="tests.test_admin_adversarial.TestRoleEdgeCases" name="test_short_password_rejected_on_setup" time="0.227" /><testcase classname="tests.test_admin_adversarial.TestRoleEdgeCases" name="test_duplicate_email_invite_rejected" time="0.137" /><testcase classname="tests.test_admin_adversarial.TestNoDataDuplication" name="test_dp_tickets_collection_only_holds_new_categories" time="0.157" /><testcase classname="tests.test_admin_adversarial.TestNoDataDuplication" name="test_ad_enquiry_source_categories_never_in_dp_tickets" time="0.444" /><testcase classname="tests.test_admin_adversarial.TestNoDataDuplication" name="test_report_category_only_from_reports" time="0.134" /><testcase classname="tests.test_admin_adversarial.TestLogsFiltering" name="test_invalid_event_type_returns_422" time="0.183" /><testcase classname="tests.test_admin_adversarial.TestLogsFiltering" name="test_pagination_shape" time="0.161" /><testcase classname="tests.test_admin_flow.TestSanity" name="test_backend_reachable" time="0.186" /><testcase classname="tests.test_admin_flow.TestAdminLogin" name="test_owner_login_ok" time="0.354" /><testcase classname="tests.test_admin_flow.TestAdminLogin" name="test_wrong_password_401" time="0.367" /><testcase classname="tests.test_admin_flow.TestAdminLogin" name="test_login_without_hmac_401" time="0.149" /><testcase classname="tests.test_admin_flow.TestAdminLogin" name="test_me_requires_both_hmac_and_jwt" time="0.739" /><testcase classname="tests.test_admin_flow.TestAdminManagementAndIsolation" name="test_owner_can_invite_admin_and_admin_cannot_manage_admins" time="2.261" /><testcase classname="tests.test_admin_flow.TestAdminManagementAndIsolation" name="test_owner_cannot_revoke_self" time="0.233" /><testcase classname="tests.test_admin_flow.TestServiceAuthFailuresLogged" name="test_failures_rejected_and_logged" time="0.954" /><testcase classname="tests.test_admin_flow.TestTicketsAndLogs" name="test_create_and_resolve_dp_ticket" time="0.641" /><testcase classname="tests.test_admin_flow.TestTicketsAndLogs" name="test_invalid_category_rejected" time="0.119" /><testcase classname="tests.test_admin_flow.TestTicketsAndLogs" name="test_report_ticket_resolve_extends_existing_collection_only" time="0.406" /><testcase classname="tests.test_admin_flow.TestTicketsAndLogs" name="test_no_intended_dp_ticket_duplication_of_ad_enquiries" time="0.547" /><testcase classname="tests.test_leaderboard" name="test_health" time="0.118" /><testcase classname="tests.test_leaderboard.TestRegister" name="test_clean_name" time="0.926" /><testcase classname="tests.test_leaderboard.TestRegister" name="test_bad_names_rejected[]" time="0.119" /><testcase classname="tests.test_leaderboard.TestRegister" name="test_bad_names_rejected[   ]" time="0.158" /><testcase classname="tests.test_leaderboard.TestRegister" name="test_bad_names_rejected[AAAAAAAAAAAAAAAAA]" time="0.191" /><testcase classname="tests.test_leaderboard.TestRegister" name="test_bad_names_rejected[hello&lt;script&gt;]" time="0.131" /><testcase classname="tests.test_leaderboard.TestRegister" name="test_bad_names_rejected[visit http://x.com]" time="0.139" /><testcase classname="tests.test_leaderboard.TestRegister" name="test_bad_names_rejected[www.evil.com]" time="0.138" /><testcase classname="tests.test_leaderboard.TestRegister" name="test_bad_names_rejected[bad\x01name]" time="0.105" /><testcase classname="tests.test_leaderboard.TestRegister" name="test_bad_names_rejected[&amp;#eviltricks]" time="0.133" /><testcase classname="tests.test_leaderboard.TestRegister" name="test_profanity_rejected" time="0.134" /><testcase classname="tests.test_leaderboard.TestRegister" name="test_slur_evasion_rejected" time="0.303" /><testcase classname="tests.test_leaderboard.TestRegister" name="test_moderation_counter_sequence" time="0.629" /><testcase classname="tests.test_leaderboard.TestRegister" name="test_moderation_counter_ignores_other_errors" time="0.248" /><testcase classname="tests.test_leaderboard.TestRegister" name="test_moderation_not_bypassable_via_submit" time="0.217" /><testcase classname="tests.test_leaderboard.TestRegister" name="test_bad_playerid" time="0.102" /><testcase classname="tests.test_leaderboard.TestSubmit" name="test_accepted_plausible" time="0.147" /><testcase classname="tests.test_leaderboard.TestSubmit" name="test_over_cap" time="0.197" /><testcase classname="tests.test_leaderboard.TestSubmit" name="test_negative_distance" time="0.180" /><testcase classname="tests.test_leaderboard.TestSubmit" name="test_too_fast" time="0.220" /><testcase classname="tests.test_leaderboard.TestSubmit" name="test_impossible_chips" time="0.169" /><testcase classname="tests.test_leaderboard.TestSubmit" name="test_duplicate_runid" time="0.241" /><testcase classname="tests.test_leaderboard.TestSubmit" name="test_bad_id_short" time="0.138" /><testcase classname="tests.test_leaderboard" name="test_best_only_increases" time="0.373" /><testcase classname="tests.test_leaderboard" name="test_top_sorted_and_you_fallback" time="0.158" /><testcase classname="tests.test_leaderboard" name="test_you_fallback_when_outside_top" time="0.304" /><testcase classname="tests.test_leaderboard" name="test_rate_limited" time="1.232" /><testcase classname="tests.test_leaderboard" name="test_rejected_never_on_top" time="0.308" /><testcase classname="tests.test_leaderboard_hardening" name="test_health" time="0.118" /><testcase classname="tests.test_leaderboard_hardening" name="test_register_ok" time="0.074" /><testcase classname="tests.test_leaderboard_hardening" name="test_submit_accepted_and_top" time="0.219" /><testcase classname="tests.test_leaderboard_hardening" name="test_duplicate_runid_rejected" time="0.147" /><testcase classname="tests.test_leaderboard_hardening" name="test_top_malformed_playerId_ignored[' OR 1=1]" time="0.076" /><testcase classname="tests.test_leaderboard_hardening" name="test_top_malformed_playerId_ignored[   ]" time="0.081" /><testcase classname="tests.test_leaderboard_hardening" name="test_top_malformed_playerId_ignored[$ne]" time="0.077" /><testcase classname="tests.test_leaderboard_hardening" name="test_top_malformed_playerId_ignored[{&quot;$gt&quot;:&quot;&quot;}]" time="0.083" /><testcase classname="tests.test_leaderboard_hardening" name="test_top_malformed_playerId_ignored[aaaaaaaaaaaaaaaaaaaaaaaaaaaaaaaaaaaaaaaaaaaaaaaaaaaaaaaaaaaaaaaaaaaaaaaaaaaaaaaaaaaaaaaaaaaaaaaaaaaaaaaaaaaaaaaaaaaaaaaaaaaaaaaaaaaaaaaaaaaaaaaaaaaaaaaaaaaaaaaaaaaaaaaaaaaaaaaaaaaaaaaaaaaaaaaaaaaaaaaaaaaaaaaaaaaaaaaaaaaaaaaaaaaaaaaaaaaaaaaaaaaaaaaaaaaaaaaaaaaaaaaaaaaaaaaaaaaaaaaaaaaaaaaaaaaaaaaaaaaaaaaaaaaaaaaaaaaaaaaaaaaaaaaaaaaaaaaaaaaaaaaaaaaaaaaaaaaaaaaaaaaaaaaaaaaaaaaaaaaaaaaaaaaaaaaaaaaaaaaaaaaaaaaaaaaaaaaaaaaaaaaaaaaaaaaaaaaaaaaaaaaaaaaaaaaaaaaaaaaaaaaaaaaaaaaaaaaaaaaaaaaaaaaaaaaaaaaaaaaa]" time="0.077" /><testcase classname="tests.test_leaderboard_hardening" name="test_top_malformed_playerId_ignored[short]" time="0.075" /><testcase classname="tests.test_leaderboard_hardening" name="test_top_malformed_playerId_ignored[bad!chars@here]" time="0.084" /><testcase classname="tests.test_leaderboard_hardening" name="test_top_malformed_playerId_ignored[../etc/passwd]" time="0.075" /><testcase classname="tests.test_leaderboard_hardening" name="test_top_unknown_wellformed_pid_you_null" time="0.075" /><testcase classname="tests.test_leaderboard_hardening" name="test_mode_separation" time="0.532" /><testcase classname="tests.test_leaderboard_hardening" name="test_anticheat_negative" time="0.075" /><testcase classname="tests.test_leaderboard_hardening" name="test_anticheat_too_fast" time="0.113" /><testcase classname="tests.test_leaderboard_hardening" name="test_anticheat_bad_id" time="0.142" /><testcase classname="tests.test_leaderboard_hardening" name="test_normal_burst_not_ip_ratelimited" time="0.747" /><testcase classname="tests.test_leaderboard_hardening" name="test_per_player_ratelimit_hit" time="1.748" /><testcase classname="tests.test_leaderboard_hardening" name="test_username_uniqueness_case_insensitive" time="0.239" /><testcase classname="tests.test_leaderboard_hardening" name="test_submit_with_taken_name_still_records_score" time="0.245" /><testcase classname="tests.test_leaderboard_hardening" name="test_check_availability" time="0.395" /><testcase classname="tests.test_leaderboard_hardening" name="test_name_is_permanent_locked" time="0.231" /><testcase classname="tests.test_mode_leaderboard.TestModeIndependence" name="test_normal_only_updates_global" time="0.328" /><testcase classname="tests.test_mode_leaderboard.TestModeIndependence" name="test_easy_only_updates_silly" time="0.354" /><testcase classname="tests.test_mode_leaderboard.TestModeIndependence" name="test_both_modes_independent_bests" time="0.379" /><testcase classname="tests.test_mode_leaderboard.TestEasyAntiCheatTolerance" name="test_long_easy_run_18000_accepted" time="0.263" /><testcase classname="tests.test_mode_leaderboard.TestEasyAntiCheatTolerance" name="test_long_easy_run_30000_accepted" time="0.252" /><testcase classname="tests.test_mode_leaderboard.TestEasyAntiCheatTolerance" name="test_normal_flag_at_40000_still_enforced" time="0.371" /><testcase classname="tests.test_mode_leaderboard.TestAntiCheatBothModes" name="test_negative_rejected[normal]" time="0.304" /><testcase classname="tests.test_mode_leaderboard.TestAntiCheatBothModes" name="test_negative_rejected[easy]" time="0.493" /><testcase classname="tests.test_mode_leaderboard.TestAntiCheatBothModes" name="test_too_fast_rejected[normal]" time="0.156" /><testcase classname="tests.test_mode_leaderboard.TestAntiCheatBothModes" name="test_too_fast_rejected[easy]" time="0.189" /><testcase classname="tests.test_mode_leaderboard.TestAntiCheatBothModes" name="test_duplicate_runid[normal]" time="0.263" /><testcase classname="tests.test_mode_leaderboard.TestAntiCheatBothModes" name="test_duplicate_runid[easy]" time="0.257" /><testcase classname="tests.test_mode_leaderboard.TestAntiCheatBothModes" name="test_bad_playerid" time="0.108" /><testcase classname="tests.test_mode_leaderboard.TestAntiCheatBothModes" name="test_bad_runid" time="0.214" /><testcase classname="tests.test_mode_leaderboard.TestAntiCheatBothModes" name="test_nan_rejected" time="0.309" /><testcase classname="tests.test_mode_leaderboard.TestModeRoutingProtection" name="test_easy_magnitude_run_never_in_global" time="0.316" /><testcase classname="tests.test_mode_leaderboard.TestModeRoutingProtection" name="test_default_mode_is_normal" time="0.163" /><testcase classname="tests.test_mode_leaderboard.TestModeRoutingProtection" name="test_unknown_mode_treated_as_normal" time="0.328" /><testcase classname="tests.test_moderation" name="test_abuse_rejected" time="0.002" /><testcase classname="tests.test_moderation" name="test_clean_allowed" time="0.003" /><testcase classname="tests.test_moderation" name="test_counts_reported" time="0.000" /><testcase classname="tests.test_moderation_flow.TestModerationCounter" name="test_counter_increments_1_to_25" time="2.007" /><testcase classname="tests.test_moderation_flow.TestModerationCounter" name="test_username_taken_does_not_increment" time="0.352" /><testcase classname="tests.test_moderation_flow.TestModerationCounter" name="test_bad_name_does_not_increment" time="0.323" /><testcase classname="tests.test_moderation_flow.TestModerationCounter" name="test_successful_register_resets_counter" time="0.462" /><testcase classname="tests.test_moderation_flow.TestSubmitBypass" name="test_submit_with_banned_name_drops_name" time="0.175" /><testcase classname="tests.test_service_integration.TestSanity" name="test_backend_url_configured" time="0.000" /><testcase classname="tests.test_service_integration.TestSanity" name="test_service_creds_present" time="0.000" /><testcase classname="tests.test_service_integration.TestSanity" name="test_health_root" time="0.262" /><testcase classname="tests.test_service_integration.TestPublicAdvertise" name="test_packages_endpoint" time="0.108" /><testcase classname="tests.test_service_integration.TestPublicAdvertise" name="test_no_admin_login_endpoint" time="0.353" /><testcase classname="tests.test_service_integration.TestPublicAdvertise" name="test_submit_enquiry_happy_path" time="0.397" /><testcase classname="tests.test_service_integration.TestHmacAuth" name="test_whoami_signed_ok" time="0.134" /><testcase classname="tests.test_service_integration.TestHmacAuth" name="test_no_headers_401" time="0.123" /><testcase classname="tests.test_service_integration.TestHmacAuth" name="test_missing_nonce_401" time="0.126" /><testcase classname="tests.test_service_integration.TestHmacAuth" name="test_bad_signature_401" time="0.118" /><testcase classname="tests.test_service_integration.TestHmacAuth" name="test_stale_timestamp_401" time="0.115" /><testcase classname="tests.test_service_integration.TestHmacAuth" name="test_replay_rejected" time="0.233" /><testcase classname="tests.test_service_integration.TestListDetail" name="test_list_enquiries" time="0.138" /><testcase classname="tests.test_service_integration.TestListDetail" name="test_list_filter_workflow_status" time="0.123" /><testcase classname="tests.test_service_integration.TestListDetail" name="test_list_invalid_filter_422" time="0.116" /><testcase classname="tests.test_service_integration.TestListDetail" name="test_detail_no_storage_path_leak" time="0.104" /><testcase classname="tests.test_service_integration.TestWorkflow" name="test_invalid_transition_409" time="0.126" /><testcase classname="tests.test_service_integration.TestWorkflow" name="test_valid_transitions" time="1.155" /><testcase classname="tests.test_service_integration.TestModeration" name="test_moderate_clear_only_changes_moderation" time="0.498" /><testcase classname="tests.test_service_integration.TestModeration" name="test_moderate_spam_forces_rejected" time="0.499" /><testcase classname="tests.test_service_integration.TestModeration" name="test_moderate_suspected_illegal_restricts_artwork" time="0.691" /><testcase classname="tests.test_service_integration.TestModeration" name="test_moderate_invalid_action_422" time="0.511" /><testcase classname="tests.test_service_integration.TestArtwork" name="test_artwork_stream_ok" time="0.276" /><testcase classname="tests.test_service_integration.TestAudit" name="test_audit_trail_has_entries" time="0.277" /><testcase classname="tests.test_service_integration.TestRateLimit" name="test_rate_limit_triggers" time="7.385" /></testsuite></testsuites>