<?xml version="1.0" encoding="utf-8"?><testsuites name="pytest tests"><testsuite name="pytest" errors="0" failures="0" skipped="0" tests="25" time="21.333" timestamp="2026-09-04T03:57:21.018970+00:00" hostname="agent-env-d3e2f44b-fbc3-4420-8e4f-db12ab08d51c"><testcase classname="backend.tests.test_service_integration.TestSanity" name="test_backend_url_configured" time="0.000" /><testcase classname="backend.tests.test_service_integration.TestSanity" name="test_service_creds_present" time="0.000" /><testcase classname="backend.tests.test_service_integration.TestSanity" name="test_health_root" time="0.334" /><testcase classname="backend.tests.test_service_integration.TestPublicAdvertise" name="test_packages_endpoint" time="0.111" /><testcase classname="backend.tests.test_service_integration.TestPublicAdvertise" name="test_no_admin_login_endpoint" time="0.355" /><testcase classname="backend.tests.test_service_integration.TestPublicAdvertise" name="test_submit_enquiry_happy_path" time="0.435" /><testcase classname="backend.tests.test_service_integration.TestHmacAuth" name="test_whoami_signed_ok" time="0.121" /><testcase classname="backend.tests.test_service_integration.TestHmacAuth" name="test_no_headers_401" time="0.134" /><testcase classname="backend.tests.test_service_integration.TestHmacAuth" name="test_missing_nonce_401" time="0.117" /><testcase classname="backend.tests.test_service_integration.TestHmacAuth" name="test_bad_signature_401" time="0.151" /><testcase classname="backend.tests.test_service_integration.TestHmacAuth" name="test_stale_timestamp_401" time="0.116" /><testcase classname="backend.tests.test_service_integration.TestHmacAuth" name="test_replay_rejected" time="0.235" /><testcase classname="backend.tests.test_service_integration.TestListDetail" name="test_list_enquiries" time="0.111" /><testcase classname="backend.tests.test_service_integration.TestListDetail" name="test_list_filter_workflow_status" time="0.102" /><testcase classname="backend.tests.test_service_integration.TestListDetail" name="test_list_invalid_filter_422" time="0.117" /><testcase classname="backend.tests.test_service_integration.TestListDetail" name="test_detail_no_storage_path_leak" time="0.122" /><testcase classname="backend.tests.test_service_integration.TestWorkflow" name="test_invalid_transition_409" time="0.134" /><testcase classname="backend.tests.test_service_integration.TestWorkflow" name="test_valid_transitions" time="1.203" /><testcase classname="backend.tests.test_service_integration.TestModeration" name="test_moderate_clear_only_changes_moderation" time="0.549" /><testcase classname="backend.tests.test_service_integration.TestModeration" name="test_moderate_spam_forces_rejected" time="0.521" /><testcase classname="backend.tests.test_service_integration.TestModeration" name="test_moderate_suspected_illegal_restricts_artwork" time="0.586" /><testcase classname="backend.tests.test_service_integration.TestModeration" name="test_moderate_invalid_action_422" time="0.434" /><testcase classname="backend.tests.test_service_integration.TestArtwork" name="test_artwork_stream_ok" time="0.290" /><testcase classname="backend.tests.test_service_integration.TestAudit" name="test_audit_trail_has_entries" time="0.242" /><testcase classname="backend.tests.test_service_integration.TestRateLimit" name="test_rate_limit_triggers" time="14.751" /></testsuite></testsuites>